\BOOKMARK [0][-]{chapter.1}{Architekturtaktiken}{}% 1
\BOOKMARK [1][-]{section.1.1}{Begriffe}{chapter.1}% 2
\BOOKMARK [1][-]{section.1.2}{Designprinzipien}{chapter.1}% 3
\BOOKMARK [2][-]{subsection.1.2.1}{Die SOLID-Prinzipien}{section.1.2}% 4
\BOOKMARK [2][-]{subsection.1.2.2}{Weitere Designprinzipien}{section.1.2}% 5
\BOOKMARK [2][-]{subsection.1.2.3}{Komponentenprinzipien}{section.1.2}% 6
\BOOKMARK [1][-]{section.1.3}{Design-Patterns}{chapter.1}% 7
\BOOKMARK [2][-]{subsection.1.3.1}{Abstract Factory}{section.1.3}% 8
\BOOKMARK [2][-]{subsection.1.3.2}{Dependency Injection}{section.1.3}% 9
\BOOKMARK [1][-]{section.1.4}{Erweiterbare Interfaces}{chapter.1}% 10
\BOOKMARK [1][-]{section.1.5}{Metamodell-basierte Architekturstile}{chapter.1}% 11
\BOOKMARK [1][-]{section.1.6}{Variation Points}{chapter.1}% 12
\BOOKMARK [2][-]{subsection.1.6.1}{Vorgehensweisen}{section.1.6}% 13
\BOOKMARK [2][-]{subsection.1.6.2}{Beispiele}{section.1.6}% 14
\BOOKMARK [1][-]{section.1.7}{Extension Points}{chapter.1}% 15
\BOOKMARK [1][-]{section.1.8}{Reliable Change}{chapter.1}% 16
\BOOKMARK [2][-]{subsection.1.8.1}{Konfigurationsmanagement}{section.1.8}% 17
\BOOKMARK [2][-]{subsection.1.8.2}{Automatisieren}{section.1.8}% 18
\BOOKMARK [2][-]{subsection.1.8.3}{Dependency Analysis}{section.1.8}% 19
\BOOKMARK [2][-]{subsection.1.8.4}{Continuos Integration}{section.1.8}% 20
\BOOKMARK [2][-]{subsection.1.8.5}{\304nderungen zur\374cksetzen}{section.1.8}% 21
\BOOKMARK [0][-]{chapter*.26}{Literaturverzeichnis}{}% 22
\BOOKMARK [0][-]{appendix.A}{Glossar}{}% 23
